2018-10-30T16:19:03.891Z [info]: 	undefined
2018-11-19T20:28:09.249Z [info]: 	GET | /components | La petición de los recurso/s fue correcta | { _id: 5bd0baccb08017141b77e8dc,
  name: 'prueba10',
  directory: 'hola',
  description: 'holajeje',
  version: 'asfsf',
  __v: 0 },{ _id: 5bd73f762976df146f5754ba,
  name: 'prueba11',
  directory: 'hola',
  description: 'holajeje',
  version: 'asfsf',
  __v: 0 },{ _id: 5bd8833cc3a0910e905fb7bd,
  name: 'prueba13',
  directory: 'hola',
  description: 'holajeje',
  version: 'asfsf',
  __v: 0 },{ _id: 5bd884772f17d50f1be8547d,
  name: 'prueba13',
  directory: 'hola',
  description: 'holajeje',
  version: 'asfsf',
  __v: 0 },{ _id: 5bd887133b756810c3ab2c90,
  name: 'prueba14',
  directory: 'hola',
  description: 'holajeje',
  version: 'asfsf',
  __v: 0 },{ _id: 5bd887b0303c0210efa26517,
  name: 'prueba15',
  directory: 'hola',
  description: 'holajeje',
  version: 'asfsf',
  __v: 0 },{ _id: 5bd88864303c0210efa26518,
  directory: 'hola',
  description: 'holajeje',
  version: 'asfsf',
  __v: 0 },{ _id: 5beae1623a1c290d9de65439,
  directory: 'hola',
  description: 'holajeje',
  version: 'asfsf',
  __v: 0 },{ _id: 5beae1693a1c290d9de6543a,
  directory: 'hola',
  description: 'holajeje',
  version: 'asfsf',
  __v: 0 },{ _id: 5beae2242b45590e96d1b576,
  name: 'prueba15',
  directory: 'hola',
  description: 'holajeje',
  version: 'asfsf',
  __v: 0 },{ _id: 5beae3765f80700fef96e11b,
  name: 'prueba17',
  directory: 'hola',
  description: 'holajeje',
  version: 'asfsf',
  __v: 0 },{ _id: 5bec796db735161a4626d8a1, name: 'prueba20', __v: 0 },{ _id: 5bec7dc89250821bf5e9395f, name: 'prueba', __v: 0 },{ _id: 5bec8167f1da7a1e0424524b, name: 'prueba', __v: 0 },{ _id: 5bec8179f1da7a1e0424524c, name: 'prueba20', __v: 0 },{ _id: 5bec820915287a1e5fa3ef0b, name: 'prueba', __v: 0 },{ _id: 5bec8c33e2c14a22bda279f4, name: 'prueba', __v: 0 },{ _id: 5bec9951eca07424f9662553, name: 'prueba', __v: 0 },{ _id: 5befe4b45b19e17f0e8e84f1, name: 'prueba', __v: 0 },{ _id: 5befe5f25b19e17f0e8e84f2, name: 'prueba', __v: 0 },{ _id: 5befe5f868c5b97f5c2bd894, name: 'prueba', __v: 0 },{ _id: 5befe98146c13901a8f5eb59,
  name: 'prueba',
  directory: 'hola',
  __v: 0 },{ _id: 5befecbcde0cb002ddc49081,
  name: 'prueba',
  directory: 'hola',
  description: 'holajeje',
  version: 'asfsf',
  __v: 0 },{ _id: 5befef0887a0b3046058f5f0,
  name: 'prueba',
  directory: 'hola',
  description: 'holajeje',
  version: 'asfsf',
  __v: 0 },{ _id: 5bf307812924d916edcac505,
  name: 'prueba18',
  directory: 'hola',
  description: 'holajeje',
  version: 'asfsf',
  __v: 0 } |
2018-11-19T20:28:28.259Z [info]: 	GET | /components/:id | La petición de los recurso/s fue correcta | { _id: 5bd0baccb08017141b77e8dc,
  name: 'prueba10',
  directory: 'hola',
  description: 'holajeje',
  version: 'asfsf',
  __v: 0 } |
2018-11-19T20:28:41.847Z [error]: 	PUT| /components | Los campos del body no son correctos | ValidationError: "nam" is not allowed
2018-11-20T18:23:41.222Z [error]: 	GET | /components/:id | El recurso no existe | null
2018-11-20T18:24:02.062Z [error]: 	GET | /components/:id | El recurso no existe | null
2018-11-20T18:24:12.283Z [error]: 	GET | /components/:id | El id proporcionado no es correcto | CastError: Cast to ObjectId failed for value "123" at path "_id" for model "Component"
2018-11-20T18:24:25.781Z [info]: 	GET | /connection | La petición de los recurso/s fue correcta | { _id: 5bf4353d9873d91217d25ec7,
  component_1: 'olaH',
  component_2: 'dfsdgsds',
  valor: 'sdg',
  __v: 0 },{ _id: 5bf4354c9873d91217d25ec8,
  component_1: '1234',
  component_2: '1234',
  valor: '2',
  __v: 0 },{ _id: 5bf438e24ebd9a1322cf133f,
  component_1: '5bd0baccb08017141b77e8dc',
  component_2: '1234',
  valor: '2',
  __v: 0 },{ _id: 5bf43a28fe548a13e2990c63,
  component_1: '5bd0baccb08017141b77e8dc',
  component_2: '1234',
  valor: '2',
  __v: 0 } |
2018-12-09T17:18:21.016Z [info]: 	GET | /components/:id | La petición de los recurso/s fue correcta | { properties: 
   [ { _id: 5bf9afa40845277fe67f88cd },
     { _id: 5bf9afa40845277fe67f88cc } ],
  _id: 5bf9afa40845277fe67f88cb,
  name: 'nombre',
  directory: 'prueba1',
  description: 'prueba1',
  version: '1',
  __v: 0 } |
2018-12-09T17:18:24.162Z [error]: 	GET | /components/5bf9afa40845277fe67f88c | El id proporcionado no es correcto | The paremeter 'id' is not valid
2018-12-09T19:16:42.496Z [info]: 	PUT | /analysis/:id | El recurso se ha actualizado correctamente | { _id: 5c0d54b1d544b01a0c7a59c7,
  Objects: 
   [ { Type: 'hola' },
     { object: [Object], Type: 'hola' },
     { object: [Object], Type: 'hola' },
     { object: [Object], Type: 'hola' },
     { object: [Object], Type: 'hola' },
     { object: [Object], Type: 'hola' },
     { object: [Object], Type: 'hola' },
     { object: [Object], Type: 'hola' },
     { object: [Object], Type: 'hola' },
     { object: [Object], Type: 'hola' } ],
  __v: 0 } |
2018-12-11T18:39:55.463Z [info]: 	GET | /BVA | La petición de los recurso/s fue correcta | 1,1,1,1,1 |
2018-12-11T18:39:56.968Z [info]: 	GET | /BVA | La petición de los recurso/s fue correcta | 2,3,2,3,2 |
2018-12-11T18:39:57.699Z [info]: 	GET | /BVA | La petición de los recurso/s fue correcta | 1,1,1,1,3 |
2018-12-11T18:54:16.601Z [info]: 	GET | /BVA | La petición de los recurso/s fue correcta | 1,1,1,1,1 |
2018-12-11T18:54:41.845Z [info]: 	GET | /components | La petición de los recurso/s fue correcta | { properties: 
   [ { _id: 5bf9afa40845277fe67f88cd },
     { _id: 5bf9afa40845277fe67f88cc } ],
  _id: 5bf9afa40845277fe67f88cb,
  name: 'nombre',
  directory: 'prueba1',
  description: 'prueba1',
  version: '1',
  __v: 0 },{ properties: [ { _id: 5bf9b49cd92949157111ac28, name: 'nombre' } ],
  _id: 5bf9b49cd92949157111ac27,
  name: 'nombre',
  directory: 'prueba1',
  description: 'prueba1',
  version: '1',
  __v: 0 },{ properties: [ { _id: 5bf9b50ed92949157111ac2a, name: 'nombre' } ],
  _id: 5bf9b50ed92949157111ac29,
  name: 'nombre',
  directory: 'prueba1',
  description: 'prueba1',
  version: '1',
  __v: 0 },{ properties: { name: 'nombre' },
  _id: 5bf9b5d2e7056412ad688b14,
  name: 'nombre',
  directory: 'prueba1',
  description: 'prueba1',
  version: '1',
  __v: 0 },{ properties: 
   { name: 'prueba3',
     Type: 'prueba1',
     inPut: 'prueba1',
     outPut: 'prueba1',
     Default: 'prueba1' },
  _id: 5bf9b819b1d18e1f74325891,
  name: 'nombre',
  directory: 'prueba1',
  description: 'prueba1',
  version: '1',
  __v: 0 } |
